<?xml version="1.0" encoding="UTF-8"?>
<!-- Generated by org.testng.reporters.JUnitReportReporter -->
<testsuite hostname="LAPTOP-KCKTHUR7" failures="0" tests="9" name="io.stage.hudinielevate.cms.tests.PropertiesGroupsTest" time="89.835" errors="0" timestamp="2024-03-06T14:41:29 IST" skipped="7">
  <testcase classname="io.stage.hudinielevate.cms.tests.PropertiesGroupsTest" name="verifyBrandCreationTest" time="48.224"/>
  <testcase classname="io.stage.hudinielevate.cms.tests.PropertiesGroupsTest" name="verifyBrandUpdationTest" time="41.611"/>
  <testcase classname="io.stage.hudinielevate.cms.tests.PropertiesGroupsTest" name="verifyHotelCreationTest">
    <skipped/>
  </testcase> <!-- verifyHotelCreationTest -->
  <testcase classname="io.stage.hudinielevate.cms.tests.PropertiesGroupsTest" name="verifyGroupCreationTest">
    <skipped/>
  </testcase> <!-- verifyGroupCreationTest -->
  <testcase classname="io.stage.hudinielevate.cms.tests.PropertiesGroupsTest" name="verifyHotelDeletionTest">
    <skipped/>
  </testcase> <!-- verifyHotelDeletionTest -->
  <testcase classname="io.stage.hudinielevate.cms.tests.PropertiesGroupsTest" name="verifyHotelUpdationTest">
    <skipped/>
  </testcase> <!-- verifyHotelUpdationTest -->
  <testcase classname="io.stage.hudinielevate.cms.tests.PropertiesGroupsTest" name="verifyGroupDeletionTest">
    <skipped/>
  </testcase> <!-- verifyGroupDeletionTest -->
  <testcase classname="io.stage.hudinielevate.cms.tests.PropertiesGroupsTest" name="verifyBrandDeletionTest">
    <skipped/>
  </testcase> <!-- verifyBrandDeletionTest -->
  <testcase classname="io.stage.hudinielevate.cms.tests.PropertiesGroupsTest" name="verifyGroupUpdationTest">
    <skipped/>
  </testcase> <!-- verifyGroupUpdationTest -->
</testsuite> <!-- io.stage.hudinielevate.cms.tests.PropertiesGroupsTest -->
