<?xml version="1.0" encoding="UTF-8"?>
<!-- Generated by org.testng.reporters.JUnitReportReporter -->
<testsuite hostname="LAPTOP-KCKTHUR7" failures="0" tests="3" name="io.stage.hudinielevate.cms.tests.RestaurantsPageTest" time="238.694" errors="0" timestamp="2024-03-08T12:01:16 IST" skipped="0">
  <testcase classname="io.stage.hudinielevate.cms.tests.RestaurantsPageTest" name="verifyChefCreationTest" time="58.005"/>
  <testcase classname="io.stage.hudinielevate.cms.tests.RestaurantsPageTest" name="verifyChefUpdationTest" time="63.562"/>
  <testcase classname="io.stage.hudinielevate.cms.tests.RestaurantsPageTest" name="verifyChefDeletionTest" time="117.127"/>
</testsuite> <!-- io.stage.hudinielevate.cms.tests.RestaurantsPageTest -->
