<?xml version="1.0" encoding="UTF-8"?>
<!-- Generated by org.testng.reporters.JUnitReportReporter -->
<testsuite hostname="LAPTOP-9TU4N0NM" failures="0" tests="1" name="io.stage.hudinielevate.cms.tests.MyTest" time="5.106" errors="0" timestamp="2024-03-12T12:59:51 IST" skipped="0">
  <testcase classname="io.stage.hudinielevate.cms.tests.MyTest" name="testing1" time="5.106"/>
  <system-out/>
</testsuite> <!-- io.stage.hudinielevate.cms.tests.MyTest -->
